<testsuites id="" name="" tests="5" failures="0" skipped="0" errors="0" time="1.013595">
<testsuite name="api\posts.spec.ts" timestamp="2025-09-16T00:57:20.831Z" hostname="chromium" tests="2" failures="0" skipped="0" time="0.167" errors="0">
<testcase name="Posts API CRUD Flow @api › CRUD flow for post: &quot;Learn Playwright&quot;" classname="api\posts.spec.ts" time="0.078">
</testcase>
<testcase name="Posts API CRUD Flow @api › CRUD flow for post: &quot;Write Tests&quot;" classname="api\posts.spec.ts" time="0.089">
</testcase>
</testsuite>
<testsuite name="ui\todo.spec.ts" timestamp="2025-09-16T00:57:20.831Z" hostname="chromium" tests="3" failures="0" skipped="0" time="1.433" errors="0">
<testcase name="TodoMVC @ui › @regression should add a single todo: Learn Playwright" classname="ui\todo.spec.ts" time="0.503">
</testcase>
<testcase name="TodoMVC @ui › @regression should add a single todo: Write Tests" classname="ui\todo.spec.ts" time="0.465">
</testcase>
<testcase name="TodoMVC @ui › @regression should add a single todo: Run Tests" classname="ui\todo.spec.ts" time="0.465">
</testcase>
</testsuite>
</testsuites>